2023.03.16 11:40:22 INFO  Started: Metals version 0.11.11 in workspace '/Users/pornpitak.a/Documents/GitHub/springboot-webapp/app' for client Visual Studio Code 1.76.2.
SLF4J: No SLF4J providers were found.
SLF4J: Defaulting to no-operation (NOP) logger implementation
SLF4J: See https://www.slf4j.org/codes.html#noProviders for further details.
SLF4J: Class path contains SLF4J bindings targeting slf4j-api versions 1.7.x or earlier.
SLF4J: Ignoring binding found at [jar:file:/Users/pornpitak.a/Library/Caches/Coursier/v1/https/repo1.maven.org/maven2/com/outr/scribe-slf4j_2.13/3.11.0/scribe-slf4j_2.13-3.11.0.jar!/org/slf4j/impl/StaticLoggerBinder.class]
SLF4J: See https://www.slf4j.org/codes.html#ignoredBindings for an explanation.
2023.03.16 11:40:22 INFO  time: initialize in 0.53s
2023.03.16 11:40:24 WARN  Build server is not auto-connectable.
2023.03.16 11:46:38 WARN  no build target for: /Users/pornpitak.a/Documents/GitHub/springboot-webapp/app/src/main/java/com/example/app/config/Database.java
Mar 16, 2023 11:46:44 AM org.eclipse.lsp4j.jsonrpc.RemoteEndpoint handleCancellation
WARNING: Unmatched cancel notification for request id 4
2023.03.16 11:46:47 INFO  time: code lens generation in 6.51s
2023.03.16 11:46:47 INFO  time: code lens generation in 2.59s
2023.03.16 12:06:29 WARN  no build target for: /Users/pornpitak.a/Documents/GitHub/springboot-webapp/app/src/main/java/com/example/app/controllers/MainController.java
2023.03.16 12:06:33 INFO  time: code lens generation in 2.05s
2023.03.16 12:06:33 INFO  time: code lens generation in 1.55s
2023.03.16 12:06:42 WARN  no build target for: /Users/pornpitak.a/Documents/GitHub/springboot-webapp/app/src/main/java/com/example/app/controllers/UserController.java
2023.03.16 12:06:45 INFO  time: code lens generation in 1.9s
Mar 16, 2023 12:07:27 PM org.eclipse.lsp4j.jsonrpc.RemoteEndpoint handleCancellation
WARNING: Unmatched cancel notification for request id 103
Mar 16, 2023 12:08:02 PM org.eclipse.lsp4j.jsonrpc.RemoteEndpoint handleCancellation
WARNING: Unmatched cancel notification for request id 216
2023.03.16 12:08:13 WARN  no build target for: /Users/pornpitak.a/Documents/GitHub/springboot-webapp/app/src/main/java/com/example/app/controllers/UserController.java
2023.03.16 12:08:16 INFO  time: code lens generation in 2.38s
2023.03.16 12:08:25 WARN  no build target for: /Users/pornpitak.a/Documents/GitHub/springboot-webapp/app/src/main/java/com/example/app/controllers/UserController.java
2023.03.16 12:08:26 WARN  no build target for: /Users/pornpitak.a/Documents/GitHub/springboot-webapp/app/src/main/java/com/example/app/services/UserService.java
2023.03.16 12:08:27 WARN  no build target for: /Users/pornpitak.a/Documents/GitHub/springboot-webapp/app/src/main/java/com/example/app/controllers/UserController.java
2023.03.16 12:08:32 INFO  time: code lens generation in 4.99s
2023.03.16 12:08:32 INFO  time: code lens generation in 2.78s
2023.03.16 12:08:32 INFO  time: code lens generation in 4.2s
2023.03.16 12:08:32 WARN  no build target for: /Users/pornpitak.a/Documents/GitHub/springboot-webapp/app/src/main/java/com/example/app/controllers/UserController.java
2023.03.16 12:08:38 WARN  no build target for: /Users/pornpitak.a/Documents/GitHub/springboot-webapp/app/src/main/java/com/example/app/controllers/UserController.java
2023.03.16 12:08:41 INFO  time: code lens generation in 2.72s
