2023.03.14 16:40:30 INFO  Started: Metals version 0.11.11 in workspace '/Users/pornpitak.a/Documents/GitHub/springboot-webapp' for client Visual Studio Code 1.76.1.[0m
SLF4J: No SLF4J providers were found.
SLF4J: Defaulting to no-operation (NOP) logger implementation
SLF4J: See https://www.slf4j.org/codes.html#noProviders for further details.
SLF4J: Class path contains SLF4J bindings targeting slf4j-api versions 1.7.x or earlier.
SLF4J: Ignoring binding found at [jar:file:/Users/pornpitak.a/Library/Caches/Coursier/v1/https/repo1.maven.org/maven2/com/outr/scribe-slf4j_2.13/3.11.0/scribe-slf4j_2.13-3.11.0.jar!/org/slf4j/impl/StaticLoggerBinder.class]
SLF4J: See https://www.slf4j.org/codes.html#ignoredBindings for an explanation.
2023.03.14 16:40:32 INFO  time: initialize in 2.15s[0m
2023.03.14 16:40:39 WARN  Build server is not auto-connectable.[0m
2023.03.14 16:40:39 WARN  no build tool detected in workspace '/Users/pornpitak.a/Documents/GitHub/springboot-webapp'. The most common cause for this problem is that the editor was opened in the wrong working directory, for example if you use sbt then the workspace directory should contain build.sbt. [0m
2023.03.14 16:45:13 WARN  no build target for: /Users/pornpitak.a/Documents/GitHub/springboot-webapp/app/src/main/java/com/example/app/controllers/MainController.java[0m
2023.03.14 16:45:17 INFO  time: code lens generation in 2.97s[0m
Mar 14, 2023 4:45:29 PM org.eclipse.lsp4j.jsonrpc.RemoteEndpoint handleCancellation
WARNING: Unmatched cancel notification for request id 28
Mar 14, 2023 4:45:30 PM org.eclipse.lsp4j.jsonrpc.RemoteEndpoint handleCancellation
WARNING: Unmatched cancel notification for request id 29
Mar 14, 2023 4:45:30 PM org.eclipse.lsp4j.jsonrpc.RemoteEndpoint handleCancellation
WARNING: Unmatched cancel notification for request id 31
2023.03.14 16:45:44 WARN  no build target for: /Users/pornpitak.a/Documents/GitHub/springboot-webapp/app/src/main/java/com/example/app/controllers/MainController.java[0m
2023.03.14 16:45:48 WARN  no build target for: /Users/pornpitak.a/Documents/GitHub/springboot-webapp/app/src/main/java/com/example/app/controllers/MainController.java[0m
Mar 14, 2023 4:45:55 PM org.eclipse.lsp4j.jsonrpc.services.GenericEndpoint notify
INFO: Unsupported notification method: $/setTrace
Mar 14, 2023 4:46:09 PM org.eclipse.lsp4j.jsonrpc.RemoteEndpoint handleCancellation
WARNING: Unmatched cancel notification for request id 62
2023.03.14 16:46:12 WARN  no build target for: /Users/pornpitak.a/Documents/GitHub/springboot-webapp/app/src/main/java/com/example/app/controllers/MainController.java[0m
2023.03.14 16:46:14 WARN  no build target for: /Users/pornpitak.a/Documents/GitHub/springboot-webapp/app/src/main/java/com/example/app/controllers/MainController.java[0m
2023.03.14 16:46:16 WARN  no build target for: /Users/pornpitak.a/Documents/GitHub/springboot-webapp/app/src/main/java/com/example/app/controllers/MainController.java[0m
2023.03.14 16:46:46 WARN  no build target for: /Users/pornpitak.a/Documents/GitHub/springboot-webapp/app/src/main/java/com/example/app/DemoApplication.java[0m
2023.03.14 16:46:50 INFO  time: code lens generation in 2.78s[0m
Mar 14, 2023 4:46:53 PM org.eclipse.lsp4j.jsonrpc.RemoteEndpoint handleCancellation
WARNING: Unmatched cancel notification for request id 92
Mar 14, 2023 4:46:55 PM org.eclipse.lsp4j.jsonrpc.RemoteEndpoint handleCancellation
WARNING: Unmatched cancel notification for request id 93
Mar 14, 2023 4:46:56 PM org.eclipse.lsp4j.jsonrpc.RemoteEndpoint handleCancellation
WARNING: Unmatched cancel notification for request id 94
2023.03.14 17:00:13 WARN  no build target for: /Users/pornpitak.a/Documents/GitHub/springboot-webapp/app/src/main/java/com/example/app/services/MainService.java[0m
2023.03.14 17:00:17 INFO  time: code lens generation in 1.92s[0m
2023.03.14 17:00:17 INFO  time: code lens generation in 2.81s[0m
2023.03.14 17:00:37 WARN  no build target for: /Users/pornpitak.a/Documents/GitHub/springboot-webapp/app/src/main/java/com/example/app/config/Database.java[0m
2023.03.14 17:00:41 INFO  time: code lens generation in 2.61s[0m
2023.03.14 17:01:00 WARN  no build target for: /Users/pornpitak.a/Documents/GitHub/springboot-webapp/app/src/main/java/com/example/app/config/Database.java[0m
2023.03.14 17:01:12 WARN  no build target for: /Users/pornpitak.a/Documents/GitHub/springboot-webapp/app/src/main/java/com/example/app/config/Database.java[0m
2023.03.14 17:01:12 WARN  no build target for: /Users/pornpitak.a/Documents/GitHub/springboot-webapp/app/src/main/java/com/example/app/config/Database.java[0m
2023.03.14 17:01:22 WARN  no build target for: /Users/pornpitak.a/Documents/GitHub/springboot-webapp/app/src/main/java/com/example/app/config/Database.java[0m
2023.03.14 17:01:53 WARN  no build target for: /Users/pornpitak.a/Documents/GitHub/springboot-webapp/app/src/main/java/com/example/app/services/MainService.java[0m
2023.03.14 17:02:07 WARN  Running javac-semanticdb failed for file:///Users/pornpitak.a/Documents/GitHub/springboot-webapp/app/src/main/java/com/example/app/services/MainService.java. Output:
/Users/pornpitak.a/Documents/GitHub/springboot-webapp/app/src/main/java/com/example/app/services/MainService.java:9: error: invalid method declaration; return type required
    public MyService(DataSource dataSource) {
           ^
1 error[0m
2023.03.14 17:02:07 WARN  no build target for: /Users/pornpitak.a/Documents/GitHub/springboot-webapp/app/src/main/java/com/example/app/services/MainService.java[0m
2023.03.14 17:02:07 WARN  Using indexes to guess the definition of dataSource[0m
2023.03.14 17:02:30 WARN  no build target for: /Users/pornpitak.a/Documents/GitHub/springboot-webapp/app/src/main/java/com/example/app/services/MainService.java[0m
2023.03.14 17:02:32 WARN  Running javac-semanticdb failed for file:///Users/pornpitak.a/Documents/GitHub/springboot-webapp/app/src/main/java/com/example/app/services/MainService.java. Output:
/Users/pornpitak.a/Documents/GitHub/springboot-webapp/app/src/main/java/com/example/app/services/MainService.java:9: error: invalid method declaration; return type required
    public MyService(DataSource dataSource) {
           ^
1 error[0m
2023.03.14 17:02:36 WARN  no build target for: /Users/pornpitak.a/Documents/GitHub/springboot-webapp/app/src/main/java/com/example/app/services/MainService.java[0m
2023.03.14 17:02:51 WARN  no build target for: /Users/pornpitak.a/Documents/GitHub/springboot-webapp/app/src/main/java/com/example/app/DemoApplication.java[0m
2023.03.14 17:03:02 WARN  no build target for: /Users/pornpitak.a/Documents/GitHub/springboot-webapp/app/src/main/java/com/example/app/DemoApplication.java[0m
2023.03.14 17:03:03 WARN  Running javac-semanticdb failed for file:///Users/pornpitak.a/Documents/GitHub/springboot-webapp/app/src/main/java/com/example/app/DemoApplication.java. Output:
/Users/pornpitak.a/Documents/GitHub/springboot-webapp/app/src/main/java/com/example/app/DemoApplication.java:9: error: <identifier> expected
	Database
	        ^
1 error[0m
2023.03.14 17:03:11 WARN  no build target for: /Users/pornpitak.a/Documents/GitHub/springboot-webapp/app/src/main/java/com/example/app/DemoApplication.java[0m
2023.03.14 17:03:15 WARN  no build target for: /Users/pornpitak.a/Documents/GitHub/springboot-webapp/app/src/main/java/com/example/app/DemoApplication.java[0m
2023.03.14 17:04:05 WARN  no build target for: /Users/pornpitak.a/Documents/GitHub/springboot-webapp/app/src/main/java/com/example/app/DemoApplication.java[0m
2023.03.14 17:04:09 INFO  time: code lens generation in 3.82s[0m
2023.03.14 17:04:09 INFO  time: code lens generation in 1.3s[0m
2023.03.14 17:05:10 WARN  no build target for: /Users/pornpitak.a/Documents/GitHub/springboot-webapp/app/src/main/java/com/example/app/DemoApplication.java[0m
2023.03.14 17:05:12 INFO  time: code lens generation in 2.2s[0m
2023.03.14 17:05:31 WARN  no build target for: /Users/pornpitak.a/Documents/GitHub/springboot-webapp/app/src/main/java/com/example/app/services/MainService.java[0m
2023.03.14 17:05:32 WARN  Running javac-semanticdb failed for file:///Users/pornpitak.a/Documents/GitHub/springboot-webapp/app/src/main/java/com/example/app/services/MainService.java. Output:
/Users/pornpitak.a/Documents/GitHub/springboot-webapp/app/src/main/java/com/example/app/services/MainService.java:10: error: invalid method declaration; return type required
    public MyService(DataSource dataSource) {
           ^
1 error[0m
Mar 14, 2023 5:05:39 PM org.eclipse.lsp4j.jsonrpc.RemoteEndpoint handleCancellation
WARNING: Unmatched cancel notification for request id 451
2023.03.14 17:05:39 WARN  Using indexes to guess the definition of dataSource[0m
Mar 14, 2023 5:05:40 PM org.eclipse.lsp4j.jsonrpc.RemoteEndpoint handleCancellation
WARNING: Unmatched cancel notification for request id 454
2023.03.14 17:05:41 WARN  Running javac-semanticdb failed for file:///Users/pornpitak.a/Documents/GitHub/springboot-webapp/app/src/main/java/com/example/app/services/MainService.java. Output:
/Users/pornpitak.a/Documents/GitHub/springboot-webapp/app/src/main/java/com/example/app/services/MainService.java:10: error: invalid method declaration; return type required
    public MyService(DataSource dataSource) {
           ^
1 error[0m
2023.03.14 17:05:41 WARN  no build target for: /Users/pornpitak.a/Documents/GitHub/springboot-webapp/app/src/main/java/com/example/app/services/MainService.java[0m
2023.03.14 17:05:41 WARN  Using indexes to guess the definition of dataSource[0m
Mar 14, 2023 5:05:41 PM org.eclipse.lsp4j.jsonrpc.RemoteEndpoint handleCancellation
WARNING: Unmatched cancel notification for request id 456
2023.03.14 17:05:41 WARN  no build target for: /Users/pornpitak.a/Documents/GitHub/springboot-webapp/app/src/main/java/com/example/app/services/MainService.java[0m
2023.03.14 17:05:48 WARN  no build target for: /Users/pornpitak.a/Documents/GitHub/springboot-webapp/app/src/main/java/com/example/app/services/MainService.java[0m
2023.03.14 17:05:50 WARN  Running javac-semanticdb failed for file:///Users/pornpitak.a/Documents/GitHub/springboot-webapp/app/src/main/java/com/example/app/services/MainService.java. Output:
/Users/pornpitak.a/Documents/GitHub/springboot-webapp/app/src/main/java/com/example/app/services/MainService.java:9: error: invalid method declaration; return type required
    public MyService(DataSource dataSource) {
           ^
1 error[0m
2023.03.14 17:05:56 WARN  no build target for: /Users/pornpitak.a/Documents/GitHub/springboot-webapp/app/src/main/java/com/example/app/services/MainService.java[0m
2023.03.14 17:05:58 WARN  Running javac-semanticdb failed for file:///Users/pornpitak.a/Documents/GitHub/springboot-webapp/app/src/main/java/com/example/app/services/MainService.java. Output:
/Users/pornpitak.a/Documents/GitHub/springboot-webapp/app/src/main/java/com/example/app/services/MainService.java:9: error: invalid method declaration; return type required
    public MyService(DataSource dataSource) {
           ^
1 error[0m
Mar 14, 2023 5:07:19 PM org.eclipse.lsp4j.jsonrpc.RemoteEndpoint handleCancellation
WARNING: Unmatched cancel notification for request id 494
2023.03.14 17:07:20 WARN  no build target for: /Users/pornpitak.a/Documents/GitHub/springboot-webapp/app/src/main/java/com/example/app/services/MainService.java[0m
2023.03.14 17:07:22 WARN  Running javac-semanticdb failed for file:///Users/pornpitak.a/Documents/GitHub/springboot-webapp/app/src/main/java/com/example/app/services/MainService.java. Output:
/Users/pornpitak.a/Documents/GitHub/springboot-webapp/app/src/main/java/com/example/app/services/MainService.java:10: error: invalid method declaration; return type required
    public MyService(DataSource dataSource) {
           ^
1 error[0m
2023.03.14 17:07:22 INFO  time: code lens generation in 1.93s[0m
Mar 14, 2023 5:21:10 PM org.eclipse.lsp4j.jsonrpc.RemoteEndpoint handleCancellation
WARNING: Unmatched cancel notification for request id 518
2023.03.14 17:21:11 WARN  no build target for: /Users/pornpitak.a/Documents/GitHub/springboot-webapp/app/src/main/java/com/example/app/services/MainService.java[0m
2023.03.14 17:21:15 INFO  time: code lens generation in 3.27s[0m
2023.03.14 17:21:52 WARN  no build target for: /Users/pornpitak.a/Documents/GitHub/springboot-webapp/app/src/main/java/com/example/app/DemoApplication.java[0m
2023.03.14 17:21:55 INFO  time: code lens generation in 2.64s[0m
2023.03.14 17:22:12 WARN  no build target for: /Users/pornpitak.a/Documents/GitHub/springboot-webapp/app/src/main/java/com/example/app/DemoApplication.java[0m
2023.03.14 17:22:12 WARN  no build target for: /Users/pornpitak.a/Documents/GitHub/springboot-webapp/app/src/main/java/com/example/app/DemoApplication.java[0m
2023.03.14 17:22:15 INFO  time: code lens generation in 1.09s[0m
2023.03.14 17:22:25 WARN  no build target for: /Users/pornpitak.a/Documents/GitHub/springboot-webapp/app/src/main/java/com/example/app/services/MainService.java[0m
2023.03.14 17:22:27 INFO  time: code lens generation in 1.77s[0m
2023.03.14 17:22:34 WARN  no build target for: /Users/pornpitak.a/Documents/GitHub/springboot-webapp/app/src/main/java/com/example/app/services/MainService.java[0m
2023.03.14 17:22:36 INFO  time: code lens generation in 2.21s[0m
Mar 14, 2023 5:23:04 PM org.eclipse.lsp4j.jsonrpc.RemoteEndpoint handleCancellation
WARNING: Unmatched cancel notification for request id 623
2023.03.14 17:23:20 WARN  no build target for: /Users/pornpitak.a/Documents/GitHub/springboot-webapp/app/src/main/java/com/example/app/DemoApplication.java[0m
Mar 14, 2023 5:23:29 PM org.eclipse.lsp4j.jsonrpc.RemoteEndpoint handleCancellation
WARNING: Unmatched cancel notification for request id 653
2023.03.14 17:23:29 WARN  no build target for: /Users/pornpitak.a/Documents/GitHub/springboot-webapp/app/src/main/java/com/example/app/DemoApplication.java[0m
2023.03.14 17:23:52 WARN  no build target for: /Users/pornpitak.a/Documents/GitHub/springboot-webapp/app/src/test/java/com/example/app/DemoApplicationTests.java[0m
2023.03.14 17:23:56 INFO  time: code lens generation in 3.3s[0m
2023.03.14 17:23:56 INFO  time: code lens generation in 3.92s[0m
2023.03.14 17:24:11 WARN  no build target for: /Users/pornpitak.a/Documents/GitHub/springboot-webapp/app/src/test/java/com/example/app/DemoApplicationTests.java[0m
2023.03.14 17:24:32 WARN  no build target for: /Users/pornpitak.a/Documents/GitHub/springboot-webapp/app/src/test/java/com/example/app/DemoApplicationTests.java[0m
2023.03.14 17:24:34 INFO  time: code lens generation in 1.58s[0m
Mar 14, 2023 5:30:13 PM org.eclipse.lsp4j.jsonrpc.RemoteEndpoint handleCancellation
WARNING: Unmatched cancel notification for request id 732
2023.03.14 17:30:23 INFO  Shutting down server[0m
2023.03.14 17:30:23 INFO  shutting down Metals[0m
2023.03.14 17:30:25 INFO  Exiting server[0m
2023.03.15 08:53:04 INFO  Started: Metals version 0.11.11 in workspace '/Users/pornpitak.a/Documents/GitHub/springboot-webapp' for client Visual Studio Code 1.76.1.[0m
SLF4J: No SLF4J providers were found.
SLF4J: Defaulting to no-operation (NOP) logger implementation
SLF4J: See https://www.slf4j.org/codes.html#noProviders for further details.
SLF4J: Class path contains SLF4J bindings targeting slf4j-api versions 1.7.x or earlier.
SLF4J: Ignoring binding found at [jar:file:/Users/pornpitak.a/Library/Caches/Coursier/v1/https/repo1.maven.org/maven2/com/outr/scribe-slf4j_2.13/3.11.0/scribe-slf4j_2.13-3.11.0.jar!/org/slf4j/impl/StaticLoggerBinder.class]
SLF4J: See https://www.slf4j.org/codes.html#ignoredBindings for an explanation.
2023.03.15 08:53:07 INFO  time: initialize in 2.53s[0m
2023.03.15 08:53:14 WARN  Build server is not auto-connectable.[0m
2023.03.15 08:53:14 WARN  no build tool detected in workspace '/Users/pornpitak.a/Documents/GitHub/springboot-webapp'. The most common cause for this problem is that the editor was opened in the wrong working directory, for example if you use sbt then the workspace directory should contain build.sbt. [0m
2023.03.15 08:53:14 WARN  no build target for: /Users/pornpitak.a/Documents/GitHub/springboot-webapp/app/src/main/java/com/example/app/DemoApplication.java[0m
Mar 15, 2023 8:53:15 AM org.eclipse.lsp4j.jsonrpc.RemoteEndpoint handleCancellation
WARNING: Unmatched cancel notification for request id 2
Mar 15, 2023 8:53:15 AM org.eclipse.lsp4j.jsonrpc.RemoteEndpoint handleCancellation
WARNING: Unmatched cancel notification for request id 4
Mar 15, 2023 8:53:15 AM org.eclipse.lsp4j.jsonrpc.RemoteEndpoint handleCancellation
WARNING: Unmatched cancel notification for request id 5
2023.03.15 08:53:16 WARN  no build target for: /Users/pornpitak.a/Documents/GitHub/springboot-webapp/app/src/main/java/com/example/app/DemoApplication.java[0m
2023.03.15 08:53:18 INFO  time: code lens generation in 3.1s[0m
2023.03.15 08:53:18 INFO  time: code lens generation in 2.83s[0m
2023.03.15 08:53:18 INFO  time: code lens generation in 2.78s[0m
2023.03.15 08:53:19 WARN  no build target for: /Users/pornpitak.a/Documents/GitHub/springboot-webapp/app/src/main/java/com/example/app/services/MainService.java[0m
2023.03.15 08:53:23 INFO  time: code lens generation in 2.03s[0m
Mar 15, 2023 8:53:23 AM org.eclipse.lsp4j.jsonrpc.RemoteEndpoint handleCancellation
WARNING: Unmatched cancel notification for request id 17
Mar 15, 2023 8:53:26 AM org.eclipse.lsp4j.jsonrpc.RemoteEndpoint handleCancellation
WARNING: Unmatched cancel notification for request id 31
2023.03.15 08:53:28 WARN  no build target for: /Users/pornpitak.a/Documents/GitHub/springboot-webapp/app/src/main/java/com/example/app/services/MainService.java[0m
Mar 15, 2023 8:53:31 AM org.eclipse.lsp4j.jsonrpc.RemoteEndpoint handleCancellation
WARNING: Unmatched cancel notification for request id 42
2023.03.15 08:53:48 WARN  no build target for: /Users/pornpitak.a/Documents/GitHub/springboot-webapp/app/src/main/java/com/example/app/services/MainService.java[0m
2023.03.15 08:53:56 WARN  no build target for: /Users/pornpitak.a/Documents/GitHub/springboot-webapp/app/src/main/java/com/example/app/services/MainService.java[0m
2023.03.15 08:53:58 WARN  no build target for: /Users/pornpitak.a/Documents/GitHub/springboot-webapp/app/src/main/java/com/example/app/services/MainService.java[0m
2023.03.15 08:53:58 WARN  no build target for: /Users/pornpitak.a/Documents/GitHub/springboot-webapp/app/src/main/java/com/example/app/services/MainService.java[0m
2023.03.15 08:54:02 WARN  no build target for: /Users/pornpitak.a/Documents/GitHub/springboot-webapp/app/src/main/java/com/example/app/controllers/MainController.java[0m
2023.03.15 08:54:05 INFO  time: code lens generation in 1.45s[0m
Mar 15, 2023 8:54:08 AM org.eclipse.lsp4j.jsonrpc.RemoteEndpoint handleCancellation
WARNING: Unmatched cancel notification for request id 120
2023.03.15 08:54:08 WARN  no build target for: /Users/pornpitak.a/Documents/GitHub/springboot-webapp/app/src/main/java/com/example/app/controllers/MainController.java[0m
Mar 15, 2023 8:54:13 AM org.eclipse.lsp4j.jsonrpc.RemoteEndpoint handleCancellation
WARNING: Unmatched cancel notification for request id 123
Mar 15, 2023 8:54:13 AM org.eclipse.lsp4j.jsonrpc.RemoteEndpoint handleCancellation
WARNING: Unmatched cancel notification for request id 125
Mar 15, 2023 8:54:13 AM org.eclipse.lsp4j.jsonrpc.RemoteEndpoint handleCancellation
WARNING: Unmatched cancel notification for request id 124
2023.03.15 08:54:13 WARN  no build target for: /Users/pornpitak.a/Documents/GitHub/springboot-webapp/app/src/main/java/com/example/app/config/Database.java[0m
2023.03.15 08:54:15 INFO  time: code lens generation in 1.95s[0m
2023.03.15 08:54:15 INFO  time: code lens generation in 1.69s[0m
2023.03.15 08:54:15 INFO  time: code lens generation in 1.97s[0m
2023.03.15 08:54:17 WARN  no build target for: /Users/pornpitak.a/Documents/GitHub/springboot-webapp/app/src/main/java/com/example/app/config/Database.java[0m
Mar 15, 2023 8:54:21 AM org.eclipse.lsp4j.jsonrpc.RemoteEndpoint handleCancellation
WARNING: Unmatched cancel notification for request id 166
2023.03.15 08:54:30 WARN  no build target for: /Users/pornpitak.a/Documents/GitHub/springboot-webapp/app/src/main/java/com/example/app/config/Database.java[0m
2023.03.15 08:54:33 INFO  time: code lens generation in 3.2s[0m
2023.03.15 09:09:31 WARN  no build target for: /Users/pornpitak.a/Documents/GitHub/springboot-webapp/app/src/main/java/com/example/app/config/Database.java[0m
2023.03.15 09:09:33 WARN  no build target for: /Users/pornpitak.a/Documents/GitHub/springboot-webapp/app/src/main/java/com/example/app/config/Database.java[0m
2023.03.15 09:09:33 WARN  no build target for: /Users/pornpitak.a/Documents/GitHub/springboot-webapp/app/src/main/java/com/example/app/config/Database.java[0m
Mar 15, 2023 9:09:33 AM org.eclipse.lsp4j.jsonrpc.RemoteEndpoint handleCancellation
WARNING: Unmatched cancel notification for request id 217
Mar 15, 2023 9:09:33 AM org.eclipse.lsp4j.jsonrpc.RemoteEndpoint handleCancellation
WARNING: Unmatched cancel notification for request id 210
2023.03.15 09:09:33 WARN  no build target for: /Users/pornpitak.a/Documents/GitHub/springboot-webapp/app/src/main/java/com/example/app/config/Database.java[0m
Mar 15, 2023 9:09:33 AM org.eclipse.lsp4j.jsonrpc.RemoteEndpoint handleCancellation
WARNING: Unmatched cancel notification for request id 218
2023.03.15 09:09:36 WARN  no build target for: /Users/pornpitak.a/Documents/GitHub/springboot-webapp/app/src/main/java/com/example/app/config/Database.java[0m
2023.03.15 09:09:38 INFO  time: code lens generation in 1.29s[0m
2023.03.15 09:09:51 WARN  no build target for: /Users/pornpitak.a/Documents/GitHub/springboot-webapp/app/src/main/java/com/example/app/config/Database.java[0m
2023.03.15 09:09:53 WARN  no build target for: /Users/pornpitak.a/Documents/GitHub/springboot-webapp/app/src/main/java/com/example/app/config/Database.java[0m
2023.03.15 09:09:54 INFO  time: code lens generation in 2.35s[0m
